<?xml version="1.0" encoding="UTF-8"?>
<!-- Generated by org.testng.reporters.JUnitXMLReporter -->
<testsuite ignored="5" hostname="LAPTOP-VBIL4K2H" failures="1" tests="20" name="chrometest" time="392.867" errors="0" timestamp="2023-08-23T18:57:39 AEST">
  <testcase classname="executePageClasses.ActiveVisitTestClass" name="verifyThePatientIsNotDisplayedInActiveVisitsWhenVisitNotStarted" time="18.286"/>
  <testcase classname="executePageClasses.ActiveVisitTestClass" name="verifyThePatientIsNotDisplayedInActiveVisitsWhenVisitStarted" time="30.253"/>
  <testcase classname="executePageClasses.FindAPatientTestClass" name="f" time="0.004"/>
  <testcase classname="executePageClasses.RegisterAPatientTest" name="verifyTheRegisteredPatientIsFoundOrNotInPatientRecordTable" time="17.45">
    <skipped/>
  </testcase> <!-- verifyTheRegisteredPatientIsFoundOrNotInPatientRecordTable -->
  <testcase classname="executePageClasses.RegisterAPatientTest" name="verifyTheRegisteredPatientIsFoundOrNotInPatientRecordTable" time="19.026">
    <skipped/>
  </testcase> <!-- verifyTheRegisteredPatientIsFoundOrNotInPatientRecordTable -->
  <testcase classname="executePageClasses.RegisterAPatientTest" name="verifyTheRegisteredPatientIsFoundOrNotInPatientRecordTable" time="15.376">
    <skipped/>
  </testcase> <!-- verifyTheRegisteredPatientIsFoundOrNotInPatientRecordTable -->
  <testcase classname="executePageClasses.RegisterAPatientTest" name="verifyTheRegisteredPatientIsFoundOrNotInPatientRecordTable" time="16.874">
    <skipped/>
  </testcase> <!-- verifyTheRegisteredPatientIsFoundOrNotInPatientRecordTable -->
  <testcase classname="executePageClasses.RegisterAPatientTest" name="verifyTheRegisteredPatientIsFoundOrNotInPatientRecordTable" time="15.114">
    <skipped/>
  </testcase> <!-- verifyTheRegisteredPatientIsFoundOrNotInPatientRecordTable -->
  <testcase classname="executePageClasses.RegisterAPatientTest" name="verifyTheRegisteredPatientIsFoundOrNotInPatientRecordTable" time="15.75">
    <failure type="java.lang.AssertionError" message="expected [true] but found [false]">
      <![CDATA[java.lang.AssertionError: expected [true] but found [false]
at executePageClasses.RegisterAPatientTest.verifyTheRegisteredPatientIsFoundOrNotInPatientRecordTable(RegisterAPatientTest.java:75)
at java.base/java.util.ArrayList.forEach(ArrayList.java:1541)
... Removed 31 stack frames]]>
    </failure>
  </testcase> <!-- verifyTheRegisteredPatientIsFoundOrNotInPatientRecordTable -->
  <testcase classname="executePageClasses.RegisterAPatientTest" name="verifyToDeleteRegisteredPatient" time="27.595"/>
  <testcase classname="executePageClasses.RegisterAPatientTest" name="verifyToRegisterAPatient" time="18.27"/>
  <testcase classname="executePageClasses.LoginPageTestClass" name="unsuccessfulLogin" time="1.951"/>
  <testcase classname="executePageClasses.LoginPageTestClass" name="unsuccessfulLogin" time="1.339"/>
  <testcase classname="executePageClasses.LoginPageTestClass" name="unsuccessfulLogin" time="1.962"/>
  <testcase classname="executePageClasses.LoginPageTestClass" name="verifySuccessfulLogin" time="12.514">
    <skipped/>
  </testcase> <!-- verifySuccessfulLogin -->
  <testcase classname="executePageClasses.LoginPageTestClass" name="verifySuccessfulLogin" time="2.054"/>
  <testcase classname="executePageClasses.LoginPageTestClass" name="verifyTheCorrectSiteIsLoadedWhileHittingTheURL" time="0.052"/>
  <testcase classname="executePageClasses.HomePageTestClass" name="verifyAllTilesAreDisplayed" time="2.186"/>
  <testcase classname="executePageClasses.HomePageTestClass" name="verifyTheLogoIsDisplayedOrNotInHomePage" time="1.922"/>
  <testcase classname="executePageClasses.CaptureVitalsTestClass" name="verifyThePatientIsNotDisplayedInActiveVisitsWhenVisitStarted" time="36.139"/>
  <testcase classname="executePageClasses.BaseClass" name="@BeforeSuite createExtendReport" time="0.0">
    <ignored/>
  </testcase> <!-- @BeforeSuite createExtendReport -->
  <testcase classname="executePageClasses.BaseClass" name="@BeforeSuite createExtendReport" time="0.0">
    <ignored/>
  </testcase> <!-- @BeforeSuite createExtendReport -->
  <testcase classname="executePageClasses.BaseClass" name="@BeforeSuite createExtendReport" time="0.0">
    <ignored/>
  </testcase> <!-- @BeforeSuite createExtendReport -->
  <testcase classname="executePageClasses.BaseClass" name="@BeforeSuite createExtendReport" time="0.0">
    <ignored/>
  </testcase> <!-- @BeforeSuite createExtendReport -->
  <testcase classname="executePageClasses.BaseClass" name="@BeforeSuite createExtendReport" time="0.0">
    <ignored/>
  </testcase> <!-- @BeforeSuite createExtendReport -->
</testsuite> <!-- chrometest -->
